Build started 30/05/2015 12:43:28.
     1>Project "C:\Users\André Geraldes\Desktop\CG\Trabalho\Trabalho_CG\4ª fase\Motor3D\Motor3D\Motor3D.vcxproj" on node 2 (Build target(s)).
     1>ClCompile:
         C:\Program Files (x86)\Microsoft Visual Studio 12.0\VC\bin\CL.exe /c /Zi /nologo /W3 /WX- /O2 /Oi /Oy- /GL /D WIN32 /D NDEBUG /D _CONSOLE /D _LIB /D _UNICODE /D UNICODE /Gm- /EHsc /MD /GS /Gy /fp:precise /Zc:wchar_t /Zc:forScope /Fo"Release\\" /Fd"Release\vc120.pdb" /Gd /TP /analyze- /errorReport:prompt motor3D.cpp
         motor3D.cpp
     1>motor3D.cpp(14): warning C4996: 'sprintf': This function or variable may be unsafe. Consider using sprintf_s instead. To disable deprecation, use _CRT_SECURE_NO_WARNINGS. See online help for details.
                 C:\Program Files (x86)\Microsoft Visual Studio 12.0\VC\include\stdio.h(356) : see declaration of 'sprintf'
       Link:
         C:\Program Files (x86)\Microsoft Visual Studio 12.0\VC\bin\link.exe /ERRORREPORT:PROMPT /OUT:"C:\Users\André Geraldes\Desktop\CG\Trabalho\Trabalho_CG\4ª fase\Motor3D\Release\Motor3D.exe" /INCREMENTAL:NO /NOLOGO kernel32.lib user32.lib gdi32.lib winspool.lib comdlg32.lib advapi32.lib shell32.lib ole32.lib oleaut32.lib uuid.lib odbc32.lib odbccp32.lib /MANIFEST /MANIFESTUAC:"level='asInvoker' uiAccess='false'" /manifest:embed /DEBUG /PDB:"C:\Users\André Geraldes\Desktop\CG\Trabalho\Trabalho_CG\4ª fase\Motor3D\Release\Motor3D.pdb" /SUBSYSTEM:CONSOLE /OPT:REF /OPT:ICF /LTCG /TLBID:1 /DYNAMICBASE /NXCOMPAT /IMPLIB:"C:\Users\André Geraldes\Desktop\CG\Trabalho\Trabalho_CG\4ª fase\Motor3D\Release\Motor3D.lib" /MACHINE:X86 /SAFESEH Release\escala.obj
         Release\motor3D.obj
         Release\Ponto.obj
         Release\primitiva.obj
         Release\rotacao.obj
         Release\tinyxml2.obj
         Release\transformacao.obj
         Release\translacao.obj
         Generating code
         Finished generating code
         Motor3D.vcxproj -> C:\Users\André Geraldes\Desktop\CG\Trabalho\Trabalho_CG\4ª fase\Motor3D\Release\Motor3D.exe
     1>Done Building Project "C:\Users\André Geraldes\Desktop\CG\Trabalho\Trabalho_CG\4ª fase\Motor3D\Motor3D\Motor3D.vcxproj" (Build target(s)).

Build succeeded.

Time Elapsed 00:00:01.78
